[0.198s] DEBUG:colcon:Command line arguments: ['/usr/bin/colcon', 'build']
[0.198s] DEBUG:colcon:Parsed command line arguments: Namespace(log_base=None, log_level=None, verb_name='build', build_base='build', install_base='install', merge_install=False, symlink_install=False, test_result_base=None, continue_on_error=False, executor='parallel', parallel_workers=16, event_handlers=None, ignore_user_meta=False, metas=['./colcon.meta'], base_paths=['.'], packages_ignore=None, packages_ignore_regex=None, paths=None, packages_up_to=None, packages_up_to_regex=None, packages_above=None, packages_above_and_dependencies=None, packages_above_depth=None, packages_select_by_dep=None, packages_skip_by_dep=None, packages_skip_up_to=None, packages_select_build_failed=False, packages_skip_build_finished=False, packages_select_test_failures=False, packages_skip_test_passed=False, packages_select=None, packages_skip=None, packages_select_regex=None, packages_skip_regex=None, packages_start=None, packages_end=None, allow_overriding=[], cmake_args=None, cmake_target=None, cmake_target_skip_unavailable=False, cmake_clean_cache=False, cmake_clean_first=False, cmake_force_configure=False, ament_cmake_args=None, catkin_cmake_args=None, catkin_skip_building_tests=False, mixin_files=None, mixin=None, verb_parser=<colcon_mixin.mixin.mixin_argument.MixinArgumentDecorator object at 0x76b1e8d98280>, verb_extension=<colcon_core.verb.build.BuildVerb object at 0x76b1e8d6f820>, main=<bound method BuildVerb.main of <colcon_core.verb.build.BuildVerb object at 0x76b1e8d6f820>>, mixin_verb=('build',))
[0.257s] Level 1:colcon.colcon_core.package_discovery:discover_packages(colcon_meta) check parameters
[0.257s] Level 1:colcon.colcon_core.package_discovery:discover_packages(recursive) check parameters
[0.257s] Level 1:colcon.colcon_core.package_discovery:discover_packages(ignore) check parameters
[0.257s] Level 1:colcon.colcon_core.package_discovery:discover_packages(path) check parameters
[0.257s] Level 1:colcon.colcon_core.package_discovery:discover_packages(colcon_meta) discover
[0.257s] Level 1:colcon.colcon_core.package_discovery:discover_packages(recursive) discover
[0.257s] INFO:colcon.colcon_core.package_discovery:Crawling recursively for packages in '/home/felix/soft_gripper/softgripper'
[0.257s] Level 1:colcon.colcon_core.package_identification:_identify(.) by extensions ['ignore', 'ignore_ament_install']
[0.257s] Level 1:colcon.colcon_core.package_identification:_identify(.) by extension 'ignore'
[0.257s] Level 1:colcon.colcon_core.package_identification:_identify(.) by extension 'ignore_ament_install'
[0.257s] Level 1:colcon.colcon_core.package_identification:_identify(.) by extensions ['colcon_pkg']
[0.258s] Level 1:colcon.colcon_core.package_identification:_identify(.) by extension 'colcon_pkg'
[0.258s] Level 1:colcon.colcon_core.package_identification:_identify(.) by extensions ['colcon_meta']
[0.258s] Level 1:colcon.colcon_core.package_identification:_identify(.) by extension 'colcon_meta'
[0.258s] Level 1:colcon.colcon_core.package_identification:_identify(.) by extensions ['ros']
[0.258s] Level 1:colcon.colcon_core.package_identification:_identify(.) by extension 'ros'
[0.283s] Level 1:colcon.colcon_core.package_identification:_identify(.) by extensions ['cmake', 'python']
[0.283s] Level 1:colcon.colcon_core.package_identification:_identify(.) by extension 'cmake'
[0.283s] Level 1:colcon.colcon_core.package_identification:_identify(.) by extension 'python'
[0.283s] Level 1:colcon.colcon_core.package_identification:_identify(.) by extensions ['python_setup_py']
[0.283s] Level 1:colcon.colcon_core.package_identification:_identify(.) by extension 'python_setup_py'
[0.284s] Level 1:colcon.colcon_core.package_identification:_identify(build) by extensions ['ignore', 'ignore_ament_install']
[0.284s] Level 1:colcon.colcon_core.package_identification:_identify(build) by extension 'ignore'
[0.284s] Level 1:colcon.colcon_core.package_identification:_identify(build) ignored
[0.284s] Level 1:colcon.colcon_core.package_identification:_identify(install) by extensions ['ignore', 'ignore_ament_install']
[0.284s] Level 1:colcon.colcon_core.package_identification:_identify(install) by extension 'ignore'
[0.284s] Level 1:colcon.colcon_core.package_identification:_identify(install) ignored
[0.284s] Level 1:colcon.colcon_core.package_identification:_identify(log) by extensions ['ignore', 'ignore_ament_install']
[0.285s] Level 1:colcon.colcon_core.package_identification:_identify(log) by extension 'ignore'
[0.285s] Level 1:colcon.colcon_core.package_identification:_identify(log) ignored
[0.285s] Level 1:colcon.colcon_core.package_identification:_identify(src) by extensions ['ignore', 'ignore_ament_install']
[0.285s] Level 1:colcon.colcon_core.package_identification:_identify(src) by extension 'ignore'
[0.285s] Level 1:colcon.colcon_core.package_identification:_identify(src) by extension 'ignore_ament_install'
[0.285s] Level 1:colcon.colcon_core.package_identification:_identify(src) by extensions ['colcon_pkg']
[0.285s] Level 1:colcon.colcon_core.package_identification:_identify(src) by extension 'colcon_pkg'
[0.285s] Level 1:colcon.colcon_core.package_identification:_identify(src) by extensions ['colcon_meta']
[0.285s] Level 1:colcon.colcon_core.package_identification:_identify(src) by extension 'colcon_meta'
[0.285s] Level 1:colcon.colcon_core.package_identification:_identify(src) by extensions ['ros']
[0.285s] Level 1:colcon.colcon_core.package_identification:_identify(src) by extension 'ros'
[0.285s] Level 1:colcon.colcon_core.package_identification:_identify(src) by extensions ['cmake', 'python']
[0.285s] Level 1:colcon.colcon_core.package_identification:_identify(src) by extension 'cmake'
[0.285s] Level 1:colcon.colcon_core.package_identification:_identify(src) by extension 'python'
[0.285s] Level 1:colcon.colcon_core.package_identification:_identify(src) by extensions ['python_setup_py']
[0.285s] Level 1:colcon.colcon_core.package_identification:_identify(src) by extension 'python_setup_py'
[0.286s] Level 1:colcon.colcon_core.package_identification:_identify(src/soft_gripper) by extensions ['ignore', 'ignore_ament_install']
[0.286s] Level 1:colcon.colcon_core.package_identification:_identify(src/soft_gripper) by extension 'ignore'
[0.286s] Level 1:colcon.colcon_core.package_identification:_identify(src/soft_gripper) by extension 'ignore_ament_install'
[0.286s] Level 1:colcon.colcon_core.package_identification:_identify(src/soft_gripper) by extensions ['colcon_pkg']
[0.286s] Level 1:colcon.colcon_core.package_identification:_identify(src/soft_gripper) by extension 'colcon_pkg'
[0.286s] Level 1:colcon.colcon_core.package_identification:_identify(src/soft_gripper) by extensions ['colcon_meta']
[0.286s] Level 1:colcon.colcon_core.package_identification:_identify(src/soft_gripper) by extension 'colcon_meta'
[0.286s] Level 1:colcon.colcon_core.package_identification:_identify(src/soft_gripper) by extensions ['ros']
[0.286s] Level 1:colcon.colcon_core.package_identification:_identify(src/soft_gripper) by extension 'ros'
[0.290s] DEBUG:colcon.colcon_core.package_identification:Package 'src/soft_gripper' with type 'ros.ament_python' and name 'soft_gripper'
[0.290s] Level 1:colcon.colcon_core.package_discovery:discover_packages(recursive) using defaults
[0.290s] Level 1:colcon.colcon_core.package_discovery:discover_packages(ignore) discover
[0.290s] Level 1:colcon.colcon_core.package_discovery:discover_packages(ignore) using defaults
[0.290s] Level 1:colcon.colcon_core.package_discovery:discover_packages(path) discover
[0.290s] Level 1:colcon.colcon_core.package_discovery:discover_packages(path) using defaults
[0.324s] Level 1:colcon.colcon_core.package_discovery:discover_packages(prefix_path) check parameters
[0.324s] Level 1:colcon.colcon_core.package_discovery:discover_packages(prefix_path) discover
[0.329s] DEBUG:colcon.colcon_installed_package_information.package_discovery:Found 1 installed packages in /home/felix/soft_gripper/softgripper/install
[0.331s] DEBUG:colcon.colcon_installed_package_information.package_discovery:Found 55 installed packages in /home/felix/ws_moveit/install
[0.333s] DEBUG:colcon.colcon_installed_package_information.package_discovery:Found 298 installed packages in /opt/ros/humble
[0.337s] Level 1:colcon.colcon_core.package_discovery:discover_packages(prefix_path) using defaults
[0.387s] Level 5:colcon.colcon_core.verb:set package 'soft_gripper' build argument 'cmake_args' from command line to 'None'
[0.387s] Level 5:colcon.colcon_core.verb:set package 'soft_gripper' build argument 'cmake_target' from command line to 'None'
[0.387s] Level 5:colcon.colcon_core.verb:set package 'soft_gripper' build argument 'cmake_target_skip_unavailable' from command line to 'False'
[0.388s] Level 5:colcon.colcon_core.verb:set package 'soft_gripper' build argument 'cmake_clean_cache' from command line to 'False'
[0.388s] Level 5:colcon.colcon_core.verb:set package 'soft_gripper' build argument 'cmake_clean_first' from command line to 'False'
[0.388s] Level 5:colcon.colcon_core.verb:set package 'soft_gripper' build argument 'cmake_force_configure' from command line to 'False'
[0.388s] Level 5:colcon.colcon_core.verb:set package 'soft_gripper' build argument 'ament_cmake_args' from command line to 'None'
[0.388s] Level 5:colcon.colcon_core.verb:set package 'soft_gripper' build argument 'catkin_cmake_args' from command line to 'None'
[0.388s] Level 5:colcon.colcon_core.verb:set package 'soft_gripper' build argument 'catkin_skip_building_tests' from command line to 'False'
[0.388s] DEBUG:colcon.colcon_core.verb:Building package 'soft_gripper' with the following arguments: {'ament_cmake_args': None, 'build_base': '/home/felix/soft_gripper/softgripper/build/soft_gripper', 'catkin_cmake_args': None, 'catkin_skip_building_tests': False, 'cmake_args': None, 'cmake_clean_cache': False, 'cmake_clean_first': False, 'cmake_force_configure': False, 'cmake_target': None, 'cmake_target_skip_unavailable': False, 'install_base': '/home/felix/soft_gripper/softgripper/install/soft_gripper', 'merge_install': False, 'path': '/home/felix/soft_gripper/softgripper/src/soft_gripper', 'symlink_install': False, 'test_result_base': None}
[0.388s] INFO:colcon.colcon_core.executor:Executing jobs using 'parallel' executor
[0.390s] DEBUG:colcon.colcon_parallel_executor.executor.parallel:run_until_complete
[0.390s] INFO:colcon.colcon_ros.task.ament_python.build:Building ROS package in '/home/felix/soft_gripper/softgripper/src/soft_gripper' with build type 'ament_python'
[0.390s] Level 1:colcon.colcon_core.shell:create_environment_hook('soft_gripper', 'ament_prefix_path')
[0.394s] INFO:colcon.colcon_core.plugin_system:Skipping extension 'colcon_core.shell.bat': Not used on non-Windows systems
[0.394s] INFO:colcon.colcon_core.shell:Creating environment hook '/home/felix/soft_gripper/softgripper/install/soft_gripper/share/soft_gripper/hook/ament_prefix_path.ps1'
[0.395s] INFO:colcon.colcon_core.shell:Creating environment descriptor '/home/felix/soft_gripper/softgripper/install/soft_gripper/share/soft_gripper/hook/ament_prefix_path.dsv'
[0.396s] INFO:colcon.colcon_core.shell:Creating environment hook '/home/felix/soft_gripper/softgripper/install/soft_gripper/share/soft_gripper/hook/ament_prefix_path.sh'
[0.397s] INFO:colcon.colcon_core.shell:Skip shell extension 'powershell' for command environment: Not usable outside of PowerShell
[0.397s] DEBUG:colcon.colcon_core.shell:Skip shell extension 'dsv' for command environment
[0.758s] INFO:colcon.colcon_core.task.python.build:Building Python package in '/home/felix/soft_gripper/softgripper/src/soft_gripper'
[0.759s] INFO:colcon.colcon_core.shell:Skip shell extension 'powershell' for command environment: Not usable outside of PowerShell
[0.759s] DEBUG:colcon.colcon_core.shell:Skip shell extension 'dsv' for command environment
[1.686s] DEBUG:colcon.colcon_core.event_handler.log_command:Invoking command in '/home/felix/soft_gripper/softgripper/src/soft_gripper': PYTHONPATH=/home/felix/soft_gripper/softgripper/build/soft_gripper/prefix_override:/usr/lib/python3/dist-packages/colcon_core/task/python/colcon_distutils_commands:/home/felix/soft_gripper/softgripper/install/soft_gripper/lib/python3.10/site-packages:${PYTHONPATH} /usr/bin/python3 -W ignore:setup.py install is deprecated -W ignore:easy_install command is deprecated setup.py egg_info --egg-base ../../build/soft_gripper build --build-base /home/felix/soft_gripper/softgripper/build/soft_gripper/build install --record /home/felix/soft_gripper/softgripper/build/soft_gripper/install.log --single-version-externally-managed install_data
[2.508s] DEBUG:colcon.colcon_core.event_handler.log_command:Invoked command in '/home/felix/soft_gripper/softgripper/src/soft_gripper' returned '0': PYTHONPATH=/home/felix/soft_gripper/softgripper/build/soft_gripper/prefix_override:/usr/lib/python3/dist-packages/colcon_core/task/python/colcon_distutils_commands:/home/felix/soft_gripper/softgripper/install/soft_gripper/lib/python3.10/site-packages:${PYTHONPATH} /usr/bin/python3 -W ignore:setup.py install is deprecated -W ignore:easy_install command is deprecated setup.py egg_info --egg-base ../../build/soft_gripper build --build-base /home/felix/soft_gripper/softgripper/build/soft_gripper/build install --record /home/felix/soft_gripper/softgripper/build/soft_gripper/install.log --single-version-externally-managed install_data
[2.512s] Level 1:colcon.colcon_core.environment:checking '/home/felix/soft_gripper/softgripper/install/soft_gripper' for CMake module files
[2.513s] Level 1:colcon.colcon_core.environment:checking '/home/felix/soft_gripper/softgripper/install/soft_gripper' for CMake config files
[2.514s] Level 1:colcon.colcon_core.environment:checking '/home/felix/soft_gripper/softgripper/install/soft_gripper/lib'
[2.514s] Level 1:colcon.colcon_core.environment:checking '/home/felix/soft_gripper/softgripper/install/soft_gripper/bin'
[2.514s] Level 1:colcon.colcon_core.environment:checking '/home/felix/soft_gripper/softgripper/install/soft_gripper/lib/pkgconfig/soft_gripper.pc'
[2.515s] Level 1:colcon.colcon_core.environment:checking '/home/felix/soft_gripper/softgripper/install/soft_gripper/lib/python3.10/site-packages'
[2.515s] Level 1:colcon.colcon_core.shell:create_environment_hook('soft_gripper', 'pythonpath')
[2.515s] INFO:colcon.colcon_core.shell:Creating environment hook '/home/felix/soft_gripper/softgripper/install/soft_gripper/share/soft_gripper/hook/pythonpath.ps1'
[2.516s] INFO:colcon.colcon_core.shell:Creating environment descriptor '/home/felix/soft_gripper/softgripper/install/soft_gripper/share/soft_gripper/hook/pythonpath.dsv'
[2.516s] INFO:colcon.colcon_core.shell:Creating environment hook '/home/felix/soft_gripper/softgripper/install/soft_gripper/share/soft_gripper/hook/pythonpath.sh'
[2.517s] Level 1:colcon.colcon_core.environment:checking '/home/felix/soft_gripper/softgripper/install/soft_gripper/bin'
[2.517s] Level 1:colcon.colcon_core.environment:create_environment_scripts_only(soft_gripper)
[2.518s] INFO:colcon.colcon_core.shell:Creating package script '/home/felix/soft_gripper/softgripper/install/soft_gripper/share/soft_gripper/package.ps1'
[2.519s] INFO:colcon.colcon_core.shell:Creating package descriptor '/home/felix/soft_gripper/softgripper/install/soft_gripper/share/soft_gripper/package.dsv'
[2.520s] INFO:colcon.colcon_core.shell:Creating package script '/home/felix/soft_gripper/softgripper/install/soft_gripper/share/soft_gripper/package.sh'
[2.521s] INFO:colcon.colcon_core.shell:Creating package script '/home/felix/soft_gripper/softgripper/install/soft_gripper/share/soft_gripper/package.bash'
[2.522s] INFO:colcon.colcon_core.shell:Creating package script '/home/felix/soft_gripper/softgripper/install/soft_gripper/share/soft_gripper/package.zsh'
[2.523s] Level 1:colcon.colcon_core.environment:create_file_with_runtime_dependencies(/home/felix/soft_gripper/softgripper/install/soft_gripper/share/colcon-core/packages/soft_gripper)
[2.524s] DEBUG:colcon.colcon_parallel_executor.executor.parallel:closing loop
[2.524s] DEBUG:colcon.colcon_parallel_executor.executor.parallel:loop closed
[2.524s] DEBUG:colcon.colcon_parallel_executor.executor.parallel:run_until_complete finished with '0'
[2.525s] DEBUG:colcon.colcon_core.event_reactor:joining thread
[2.534s] INFO:colcon.colcon_core.plugin_system:Skipping extension 'colcon_notification.desktop_notification.terminal_notifier': Not used on non-Darwin systems
[2.534s] INFO:colcon.colcon_core.plugin_system:Skipping extension 'colcon_notification.desktop_notification.win32': Not used on non-Windows systems
[2.534s] INFO:colcon.colcon_notification.desktop_notification:Sending desktop notification using 'notify2'
[2.559s] DEBUG:colcon.colcon_core.event_reactor:joined thread
[2.559s] INFO:colcon.colcon_core.shell:Creating prefix script '/home/felix/soft_gripper/softgripper/install/local_setup.ps1'
[2.561s] INFO:colcon.colcon_core.shell:Creating prefix util module '/home/felix/soft_gripper/softgripper/install/_local_setup_util_ps1.py'
[2.563s] INFO:colcon.colcon_core.shell:Creating prefix chain script '/home/felix/soft_gripper/softgripper/install/setup.ps1'
[2.568s] INFO:colcon.colcon_core.shell:Creating prefix script '/home/felix/soft_gripper/softgripper/install/local_setup.sh'
[2.569s] INFO:colcon.colcon_core.shell:Creating prefix util module '/home/felix/soft_gripper/softgripper/install/_local_setup_util_sh.py'
[2.570s] INFO:colcon.colcon_core.shell:Creating prefix chain script '/home/felix/soft_gripper/softgripper/install/setup.sh'
[2.576s] INFO:colcon.colcon_core.shell:Creating prefix script '/home/felix/soft_gripper/softgripper/install/local_setup.bash'
[2.577s] INFO:colcon.colcon_core.shell:Creating prefix chain script '/home/felix/soft_gripper/softgripper/install/setup.bash'
[2.581s] INFO:colcon.colcon_core.shell:Creating prefix script '/home/felix/soft_gripper/softgripper/install/local_setup.zsh'
[2.582s] INFO:colcon.colcon_core.shell:Creating prefix chain script '/home/felix/soft_gripper/softgripper/install/setup.zsh'
