/home/felix/soft_gripper/softgripper/install/soft_gripper/lib/python3.10/site-packages/soft_gripper/__init__.py
/home/felix/soft_gripper/softgripper/install/soft_gripper/lib/python3.10/site-packages/soft_gripper/tactile_sensor_reader.py
/home/felix/soft_gripper/softgripper/install/soft_gripper/lib/python3.10/site-packages/soft_gripper/gripper_ros2_node.py
/home/felix/soft_gripper/softgripper/install/soft_gripper/lib/python3.10/site-packages/soft_gripper/main.py
/home/felix/soft_gripper/softgripper/install/soft_gripper/lib/python3.10/site-packages/soft_gripper/gripper_controller.py
/home/felix/soft_gripper/softgripper/install/soft_gripper/lib/python3.10/site-packages/soft_gripper/dynamixel_client.py
/home/felix/soft_gripper/softgripper/install/soft_gripper/lib/python3.10/site-packages/soft_gripper/action/__init__.py
/home/felix/soft_gripper/softgripper/install/soft_gripper/lib/python3.10/site-packages/soft_gripper/action/ParallelGrip.action
/home/felix/soft_gripper/softgripper/install/soft_gripper/lib/python3.10/site-packages/soft_gripper/__pycache__/__init__.cpython-310.pyc
/home/felix/soft_gripper/softgripper/install/soft_gripper/lib/python3.10/site-packages/soft_gripper/__pycache__/tactile_sensor_reader.cpython-310.pyc
/home/felix/soft_gripper/softgripper/install/soft_gripper/lib/python3.10/site-packages/soft_gripper/__pycache__/gripper_ros2_node.cpython-310.pyc
/home/felix/soft_gripper/softgripper/install/soft_gripper/lib/python3.10/site-packages/soft_gripper/__pycache__/main.cpython-310.pyc
/home/felix/soft_gripper/softgripper/install/soft_gripper/lib/python3.10/site-packages/soft_gripper/__pycache__/gripper_controller.cpython-310.pyc
/home/felix/soft_gripper/softgripper/install/soft_gripper/lib/python3.10/site-packages/soft_gripper/__pycache__/dynamixel_client.cpython-310.pyc
/home/felix/soft_gripper/softgripper/install/soft_gripper/lib/python3.10/site-packages/soft_gripper/action/__pycache__/__init__.cpython-310.pyc
/home/felix/soft_gripper/softgripper/install/soft_gripper/share/ament_index/resource_index/packages/soft_gripper
/home/felix/soft_gripper/softgripper/install/soft_gripper/share/soft_gripper/package.xml
/home/felix/soft_gripper/softgripper/install/soft_gripper/share/soft_gripper/config/gripper_config.yaml
/home/felix/soft_gripper/softgripper/install/soft_gripper/share/soft_gripper/URDF/URDF.urdf
/home/felix/soft_gripper/softgripper/install/soft_gripper/share/soft_gripper/URDF/meshes/main_housing.stl
/home/felix/soft_gripper/softgripper/install/soft_gripper/share/soft_gripper/URDF/meshes/sensor_shell_v3-v35.stl
/home/felix/soft_gripper/softgripper/install/soft_gripper/share/soft_gripper/URDF/meshes/D435_Solid-v2.stl
/home/felix/soft_gripper/softgripper/install/soft_gripper/share/soft_gripper/URDF/meshes/motor_mount.stl
/home/felix/soft_gripper/softgripper/install/soft_gripper/share/soft_gripper/URDF/meshes/sensor_base-v53.stl
/home/felix/soft_gripper/softgripper/install/soft_gripper/share/soft_gripper/URDF/meshes/sensor_connector-v79-1.stl
/home/felix/soft_gripper/softgripper/install/soft_gripper/share/soft_gripper/URDF/meshes/camera_link.stl
/home/felix/soft_gripper/softgripper/install/soft_gripper/share/soft_gripper/URDF/meshes/hinge_servo-v6-1.stl
/home/felix/soft_gripper/softgripper/install/soft_gripper/share/soft_gripper/URDF/meshes/hinge_servo_idle-v2.stl
/home/felix/soft_gripper/softgripper/install/soft_gripper/share/soft_gripper/URDF/meshes/hinge_finger-v21-1.stl
/home/felix/soft_gripper/softgripper/install/soft_gripper/share/soft_gripper/URDF/meshes/black_gel_new-v5-1.stl
/home/felix/soft_gripper/softgripper/install/soft_gripper/share/soft_gripper/URDF/meshes/hinge_servo_idle-v2-1.stl
/home/felix/soft_gripper/softgripper/install/soft_gripper/share/soft_gripper/URDF/meshes/cable_cover_1.stl
/home/felix/soft_gripper/softgripper/install/soft_gripper/share/soft_gripper/URDF/meshes/hinge_finger_idle-v21.stl
/home/felix/soft_gripper/softgripper/install/soft_gripper/share/soft_gripper/URDF/meshes/motor_simple-v2-2.stl
/home/felix/soft_gripper/softgripper/install/soft_gripper/share/soft_gripper/URDF/meshes/jetson_clamp.stl
/home/felix/soft_gripper/softgripper/install/soft_gripper/share/soft_gripper/URDF/meshes/silicon_tip-v1.stl
/home/felix/soft_gripper/softgripper/install/soft_gripper/share/soft_gripper/URDF/meshes/motor_simple-v2-1.stl
/home/felix/soft_gripper/softgripper/install/soft_gripper/share/soft_gripper/URDF/meshes/camera_cover_1.stl
/home/felix/soft_gripper/softgripper/install/soft_gripper/share/soft_gripper/URDF/meshes/hinge_finger-v21.stl
/home/felix/soft_gripper/softgripper/install/soft_gripper/share/soft_gripper/URDF/meshes/camera_cover_2.stl
/home/felix/soft_gripper/softgripper/install/soft_gripper/share/soft_gripper/URDF/meshes/sensor_connector-v79.stl
/home/felix/soft_gripper/softgripper/install/soft_gripper/share/soft_gripper/URDF/meshes/silicon_tip-v1-1.stl
/home/felix/soft_gripper/softgripper/install/soft_gripper/share/soft_gripper/URDF/meshes/sensor_shell_v3-v35-1.stl
/home/felix/soft_gripper/softgripper/install/soft_gripper/share/soft_gripper/URDF/meshes/hinge_finger_idle-v21-1.stl
/home/felix/soft_gripper/softgripper/install/soft_gripper/share/soft_gripper/URDF/meshes/hinge_servo-v6.stl
/home/felix/soft_gripper/softgripper/install/soft_gripper/share/soft_gripper/URDF/meshes/cable_cover_2.stl
/home/felix/soft_gripper/softgripper/install/soft_gripper/share/soft_gripper/URDF/meshes/housing_cover.stl
/home/felix/soft_gripper/softgripper/install/soft_gripper/share/soft_gripper/URDF/meshes/motor_simple-v2-3.stl
/home/felix/soft_gripper/softgripper/install/soft_gripper/share/soft_gripper/URDF/meshes/base_link.stl
/home/felix/soft_gripper/softgripper/install/soft_gripper/share/soft_gripper/URDF/meshes/black_gel_new-v5.stl
/home/felix/soft_gripper/softgripper/install/soft_gripper/share/soft_gripper/URDF/meshes/motor_simple-v2.stl
/home/felix/soft_gripper/softgripper/install/soft_gripper/share/soft_gripper/URDF/meshes/sensor_base-v53-1.stl
/home/felix/soft_gripper/softgripper/install/soft_gripper/share/soft_gripper/launch/view_gripper.launch.py
/home/felix/soft_gripper/softgripper/install/soft_gripper/lib/python3.10/site-packages/soft_gripper-0.0.0-py3.10.egg-info/requires.txt
/home/felix/soft_gripper/softgripper/install/soft_gripper/lib/python3.10/site-packages/soft_gripper-0.0.0-py3.10.egg-info/dependency_links.txt
/home/felix/soft_gripper/softgripper/install/soft_gripper/lib/python3.10/site-packages/soft_gripper-0.0.0-py3.10.egg-info/top_level.txt
/home/felix/soft_gripper/softgripper/install/soft_gripper/lib/python3.10/site-packages/soft_gripper-0.0.0-py3.10.egg-info/entry_points.txt
/home/felix/soft_gripper/softgripper/install/soft_gripper/lib/python3.10/site-packages/soft_gripper-0.0.0-py3.10.egg-info/SOURCES.txt
/home/felix/soft_gripper/softgripper/install/soft_gripper/lib/python3.10/site-packages/soft_gripper-0.0.0-py3.10.egg-info/zip-safe
/home/felix/soft_gripper/softgripper/install/soft_gripper/lib/python3.10/site-packages/soft_gripper-0.0.0-py3.10.egg-info/PKG-INFO
/home/felix/soft_gripper/softgripper/install/soft_gripper/lib/soft_gripper/gripper_node
