[1.021s] Invoking command in '/home/felix/soft_gripper/softgripper/src/soft_gripper': PYTHONPATH=/home/felix/soft_gripper/softgripper/build/soft_gripper/prefix_override:/usr/lib/python3/dist-packages/colcon_core/task/python/colcon_distutils_commands:/home/felix/soft_gripper/softgripper/install/soft_gripper/lib/python3.10/site-packages:${PYTHONPATH} /usr/bin/python3 -W ignore:setup.py install is deprecated -W ignore:easy_install command is deprecated setup.py egg_info --egg-base ../../build/soft_gripper build --build-base /home/felix/soft_gripper/softgripper/build/soft_gripper/build install --record /home/felix/soft_gripper/softgripper/build/soft_gripper/install.log --single-version-externally-managed install_data
[1.308s] running egg_info
[1.323s] writing ../../build/soft_gripper/soft_gripper.egg-info/PKG-INFO
[1.323s] writing dependency_links to ../../build/soft_gripper/soft_gripper.egg-info/dependency_links.txt
[1.324s] writing entry points to ../../build/soft_gripper/soft_gripper.egg-info/entry_points.txt
[1.324s] writing requirements to ../../build/soft_gripper/soft_gripper.egg-info/requires.txt
[1.324s] writing top-level names to ../../build/soft_gripper/soft_gripper.egg-info/top_level.txt
[1.361s] reading manifest file '../../build/soft_gripper/soft_gripper.egg-info/SOURCES.txt'
[1.362s] writing manifest file '../../build/soft_gripper/soft_gripper.egg-info/SOURCES.txt'
[1.362s] running build
[1.363s] running build_py
[1.363s] copying ./soft_gripper/gripper_controller.py -> /home/felix/soft_gripper/softgripper/build/soft_gripper/build/lib/soft_gripper
[1.364s] running install
[1.371s] running install_lib
[1.388s] copying /home/felix/soft_gripper/softgripper/build/soft_gripper/build/lib/soft_gripper/gripper_controller.py -> /home/felix/soft_gripper/softgripper/install/soft_gripper/lib/python3.10/site-packages/soft_gripper
[1.389s] byte-compiling /home/felix/soft_gripper/softgripper/install/soft_gripper/lib/python3.10/site-packages/soft_gripper/gripper_controller.py to gripper_controller.cpython-310.pyc
[1.391s] running install_data
[1.392s] running install_egg_info
[1.410s] removing '/home/felix/soft_gripper/softgripper/install/soft_gripper/lib/python3.10/site-packages/soft_gripper-0.0.0-py3.10.egg-info' (and everything under it)
[1.410s] Copying ../../build/soft_gripper/soft_gripper.egg-info to /home/felix/soft_gripper/softgripper/install/soft_gripper/lib/python3.10/site-packages/soft_gripper-0.0.0-py3.10.egg-info
[1.411s] running install_scripts
[1.594s] Installing gripper_node script to /home/felix/soft_gripper/softgripper/install/soft_gripper/lib/soft_gripper
[1.595s] writing list of installed files to '/home/felix/soft_gripper/softgripper/build/soft_gripper/install.log'
[1.630s] Invoked command in '/home/felix/soft_gripper/softgripper/src/soft_gripper' returned '0': PYTHONPATH=/home/felix/soft_gripper/softgripper/build/soft_gripper/prefix_override:/usr/lib/python3/dist-packages/colcon_core/task/python/colcon_distutils_commands:/home/felix/soft_gripper/softgripper/install/soft_gripper/lib/python3.10/site-packages:${PYTHONPATH} /usr/bin/python3 -W ignore:setup.py install is deprecated -W ignore:easy_install command is deprecated setup.py egg_info --egg-base ../../build/soft_gripper build --build-base /home/felix/soft_gripper/softgripper/build/soft_gripper/build install --record /home/felix/soft_gripper/softgripper/build/soft_gripper/install.log --single-version-externally-managed install_data
