[1.260s] Invoking command in '/home/felix/soft_gripper/softgripper/src/soft_gripper': PYTHONPATH=/home/felix/soft_gripper/softgripper/build/soft_gripper/prefix_override:/usr/lib/python3/dist-packages/colcon_core/task/python/colcon_distutils_commands:/home/felix/soft_gripper/softgripper/install/soft_gripper/lib/python3.10/site-packages:${PYTHONPATH} /usr/bin/python3 -W ignore:setup.py install is deprecated -W ignore:easy_install command is deprecated setup.py egg_info --egg-base ../../build/soft_gripper build --build-base /home/felix/soft_gripper/softgripper/build/soft_gripper/build install --record /home/felix/soft_gripper/softgripper/build/soft_gripper/install.log --single-version-externally-managed install_data
[1.674s] running egg_info
[1.674s] creating ../../build/soft_gripper/soft_gripper.egg-info
[1.698s] writing ../../build/soft_gripper/soft_gripper.egg-info/PKG-INFO
[1.698s] writing dependency_links to ../../build/soft_gripper/soft_gripper.egg-info/dependency_links.txt
[1.698s] writing entry points to ../../build/soft_gripper/soft_gripper.egg-info/entry_points.txt
[1.699s] writing requirements to ../../build/soft_gripper/soft_gripper.egg-info/requires.txt
[1.699s] writing top-level names to ../../build/soft_gripper/soft_gripper.egg-info/top_level.txt
[1.699s] writing manifest file '../../build/soft_gripper/soft_gripper.egg-info/SOURCES.txt'
[1.748s] reading manifest file '../../build/soft_gripper/soft_gripper.egg-info/SOURCES.txt'
[1.749s] writing manifest file '../../build/soft_gripper/soft_gripper.egg-info/SOURCES.txt'
[1.750s] running build
[1.750s] running build_py
[1.751s] creating /home/felix/soft_gripper/softgripper/build/soft_gripper/build
[1.751s] creating /home/felix/soft_gripper/softgripper/build/soft_gripper/build/lib
[1.751s] creating /home/felix/soft_gripper/softgripper/build/soft_gripper/build/lib/soft_gripper
[1.751s] copying ./soft_gripper/__init__.py -> /home/felix/soft_gripper/softgripper/build/soft_gripper/build/lib/soft_gripper
[1.752s] copying ./soft_gripper/tactile_sensor_reader.py -> /home/felix/soft_gripper/softgripper/build/soft_gripper/build/lib/soft_gripper
[1.752s] copying ./soft_gripper/gripper_ros2_node.py -> /home/felix/soft_gripper/softgripper/build/soft_gripper/build/lib/soft_gripper
[1.752s] copying ./soft_gripper/main.py -> /home/felix/soft_gripper/softgripper/build/soft_gripper/build/lib/soft_gripper
[1.752s] copying ./soft_gripper/gripper_controller.py -> /home/felix/soft_gripper/softgripper/build/soft_gripper/build/lib/soft_gripper
[1.752s] copying ./soft_gripper/dynamixel_client.py -> /home/felix/soft_gripper/softgripper/build/soft_gripper/build/lib/soft_gripper
[1.753s] creating /home/felix/soft_gripper/softgripper/build/soft_gripper/build/lib/soft_gripper/action
[1.753s] copying ./soft_gripper/action/__init__.py -> /home/felix/soft_gripper/softgripper/build/soft_gripper/build/lib/soft_gripper/action
[1.753s] copying ./soft_gripper/action/ParallelGrip.action -> /home/felix/soft_gripper/softgripper/build/soft_gripper/build/lib/soft_gripper/action
[1.754s] running install
[1.764s] running install_lib
[1.788s] creating /home/felix/soft_gripper/softgripper/install/soft_gripper/lib/python3.10/site-packages/soft_gripper
[1.788s] creating /home/felix/soft_gripper/softgripper/install/soft_gripper/lib/python3.10/site-packages/soft_gripper/action
[1.788s] copying /home/felix/soft_gripper/softgripper/build/soft_gripper/build/lib/soft_gripper/action/__init__.py -> /home/felix/soft_gripper/softgripper/install/soft_gripper/lib/python3.10/site-packages/soft_gripper/action
[1.789s] copying /home/felix/soft_gripper/softgripper/build/soft_gripper/build/lib/soft_gripper/action/ParallelGrip.action -> /home/felix/soft_gripper/softgripper/install/soft_gripper/lib/python3.10/site-packages/soft_gripper/action
[1.789s] copying /home/felix/soft_gripper/softgripper/build/soft_gripper/build/lib/soft_gripper/__init__.py -> /home/felix/soft_gripper/softgripper/install/soft_gripper/lib/python3.10/site-packages/soft_gripper
[1.789s] copying /home/felix/soft_gripper/softgripper/build/soft_gripper/build/lib/soft_gripper/tactile_sensor_reader.py -> /home/felix/soft_gripper/softgripper/install/soft_gripper/lib/python3.10/site-packages/soft_gripper
[1.789s] copying /home/felix/soft_gripper/softgripper/build/soft_gripper/build/lib/soft_gripper/gripper_ros2_node.py -> /home/felix/soft_gripper/softgripper/install/soft_gripper/lib/python3.10/site-packages/soft_gripper
[1.789s] copying /home/felix/soft_gripper/softgripper/build/soft_gripper/build/lib/soft_gripper/main.py -> /home/felix/soft_gripper/softgripper/install/soft_gripper/lib/python3.10/site-packages/soft_gripper
[1.789s] copying /home/felix/soft_gripper/softgripper/build/soft_gripper/build/lib/soft_gripper/gripper_controller.py -> /home/felix/soft_gripper/softgripper/install/soft_gripper/lib/python3.10/site-packages/soft_gripper
[1.790s] copying /home/felix/soft_gripper/softgripper/build/soft_gripper/build/lib/soft_gripper/dynamixel_client.py -> /home/felix/soft_gripper/softgripper/install/soft_gripper/lib/python3.10/site-packages/soft_gripper
[1.790s] byte-compiling /home/felix/soft_gripper/softgripper/install/soft_gripper/lib/python3.10/site-packages/soft_gripper/action/__init__.py to __init__.cpython-310.pyc
[1.790s] byte-compiling /home/felix/soft_gripper/softgripper/install/soft_gripper/lib/python3.10/site-packages/soft_gripper/__init__.py to __init__.cpython-310.pyc
[1.791s] byte-compiling /home/felix/soft_gripper/softgripper/install/soft_gripper/lib/python3.10/site-packages/soft_gripper/tactile_sensor_reader.py to tactile_sensor_reader.cpython-310.pyc
[1.791s] byte-compiling /home/felix/soft_gripper/softgripper/install/soft_gripper/lib/python3.10/site-packages/soft_gripper/gripper_ros2_node.py to gripper_ros2_node.cpython-310.pyc
[1.793s] byte-compiling /home/felix/soft_gripper/softgripper/install/soft_gripper/lib/python3.10/site-packages/soft_gripper/main.py to main.cpython-310.pyc
[1.794s] byte-compiling /home/felix/soft_gripper/softgripper/install/soft_gripper/lib/python3.10/site-packages/soft_gripper/gripper_controller.py to gripper_controller.cpython-310.pyc
[1.796s] byte-compiling /home/felix/soft_gripper/softgripper/install/soft_gripper/lib/python3.10/site-packages/soft_gripper/dynamixel_client.py to dynamixel_client.cpython-310.pyc
[1.806s] running install_data
[1.807s] creating /home/felix/soft_gripper/softgripper/install/soft_gripper/share/ament_index
[1.807s] creating /home/felix/soft_gripper/softgripper/install/soft_gripper/share/ament_index/resource_index
[1.807s] creating /home/felix/soft_gripper/softgripper/install/soft_gripper/share/ament_index/resource_index/packages
[1.808s] copying resource/soft_gripper -> /home/felix/soft_gripper/softgripper/install/soft_gripper/share/ament_index/resource_index/packages
[1.808s] copying package.xml -> /home/felix/soft_gripper/softgripper/install/soft_gripper/share/soft_gripper
[1.808s] creating /home/felix/soft_gripper/softgripper/install/soft_gripper/share/soft_gripper/config
[1.808s] copying config/gripper_config.yaml -> /home/felix/soft_gripper/softgripper/install/soft_gripper/share/soft_gripper/config
[1.808s] creating /home/felix/soft_gripper/softgripper/install/soft_gripper/share/soft_gripper/URDF
[1.808s] copying URDF/URDF.urdf -> /home/felix/soft_gripper/softgripper/install/soft_gripper/share/soft_gripper/URDF
[1.809s] creating /home/felix/soft_gripper/softgripper/install/soft_gripper/share/soft_gripper/URDF/meshes
[1.809s] copying URDF/meshes/main_housing.stl -> /home/felix/soft_gripper/softgripper/install/soft_gripper/share/soft_gripper/URDF/meshes
[1.809s] copying URDF/meshes/sensor_shell_v3-v35.stl -> /home/felix/soft_gripper/softgripper/install/soft_gripper/share/soft_gripper/URDF/meshes
[1.809s] copying URDF/meshes/D435_Solid-v2.stl -> /home/felix/soft_gripper/softgripper/install/soft_gripper/share/soft_gripper/URDF/meshes
[1.809s] copying URDF/meshes/motor_mount.stl -> /home/felix/soft_gripper/softgripper/install/soft_gripper/share/soft_gripper/URDF/meshes
[1.810s] copying URDF/meshes/sensor_base-v53.stl -> /home/felix/soft_gripper/softgripper/install/soft_gripper/share/soft_gripper/URDF/meshes
[1.810s] copying URDF/meshes/sensor_connector-v79-1.stl -> /home/felix/soft_gripper/softgripper/install/soft_gripper/share/soft_gripper/URDF/meshes
[1.810s] copying URDF/meshes/camera_link.stl -> /home/felix/soft_gripper/softgripper/install/soft_gripper/share/soft_gripper/URDF/meshes
[1.810s] copying URDF/meshes/hinge_servo-v6-1.stl -> /home/felix/soft_gripper/softgripper/install/soft_gripper/share/soft_gripper/URDF/meshes
[1.811s] copying URDF/meshes/hinge_servo_idle-v2.stl -> /home/felix/soft_gripper/softgripper/install/soft_gripper/share/soft_gripper/URDF/meshes
[1.811s] copying URDF/meshes/hinge_finger-v21-1.stl -> /home/felix/soft_gripper/softgripper/install/soft_gripper/share/soft_gripper/URDF/meshes
[1.811s] copying URDF/meshes/black_gel_new-v5-1.stl -> /home/felix/soft_gripper/softgripper/install/soft_gripper/share/soft_gripper/URDF/meshes
[1.811s] copying URDF/meshes/hinge_servo_idle-v2-1.stl -> /home/felix/soft_gripper/softgripper/install/soft_gripper/share/soft_gripper/URDF/meshes
[1.811s] copying URDF/meshes/cable_cover_1.stl -> /home/felix/soft_gripper/softgripper/install/soft_gripper/share/soft_gripper/URDF/meshes
[1.812s] copying URDF/meshes/hinge_finger_idle-v21.stl -> /home/felix/soft_gripper/softgripper/install/soft_gripper/share/soft_gripper/URDF/meshes
[1.812s] copying URDF/meshes/motor_simple-v2-2.stl -> /home/felix/soft_gripper/softgripper/install/soft_gripper/share/soft_gripper/URDF/meshes
[1.812s] copying URDF/meshes/jetson_clamp.stl -> /home/felix/soft_gripper/softgripper/install/soft_gripper/share/soft_gripper/URDF/meshes
[1.813s] copying URDF/meshes/silicon_tip-v1.stl -> /home/felix/soft_gripper/softgripper/install/soft_gripper/share/soft_gripper/URDF/meshes
[1.813s] copying URDF/meshes/motor_simple-v2-1.stl -> /home/felix/soft_gripper/softgripper/install/soft_gripper/share/soft_gripper/URDF/meshes
[1.813s] copying URDF/meshes/camera_cover_1.stl -> /home/felix/soft_gripper/softgripper/install/soft_gripper/share/soft_gripper/URDF/meshes
[1.814s] copying URDF/meshes/hinge_finger-v21.stl -> /home/felix/soft_gripper/softgripper/install/soft_gripper/share/soft_gripper/URDF/meshes
[1.814s] copying URDF/meshes/camera_cover_2.stl -> /home/felix/soft_gripper/softgripper/install/soft_gripper/share/soft_gripper/URDF/meshes
[1.814s] copying URDF/meshes/sensor_connector-v79.stl -> /home/felix/soft_gripper/softgripper/install/soft_gripper/share/soft_gripper/URDF/meshes
[1.814s] copying URDF/meshes/silicon_tip-v1-1.stl -> /home/felix/soft_gripper/softgripper/install/soft_gripper/share/soft_gripper/URDF/meshes
[1.815s] copying URDF/meshes/sensor_shell_v3-v35-1.stl -> /home/felix/soft_gripper/softgripper/install/soft_gripper/share/soft_gripper/URDF/meshes
[1.815s] copying URDF/meshes/hinge_finger_idle-v21-1.stl -> /home/felix/soft_gripper/softgripper/install/soft_gripper/share/soft_gripper/URDF/meshes
[1.815s] copying URDF/meshes/hinge_servo-v6.stl -> /home/felix/soft_gripper/softgripper/install/soft_gripper/share/soft_gripper/URDF/meshes
[1.815s] copying URDF/meshes/cable_cover_2.stl -> /home/felix/soft_gripper/softgripper/install/soft_gripper/share/soft_gripper/URDF/meshes
[1.816s] copying URDF/meshes/housing_cover.stl -> /home/felix/soft_gripper/softgripper/install/soft_gripper/share/soft_gripper/URDF/meshes
[1.816s] copying URDF/meshes/motor_simple-v2-3.stl -> /home/felix/soft_gripper/softgripper/install/soft_gripper/share/soft_gripper/URDF/meshes
[1.816s] copying URDF/meshes/base_link.stl -> /home/felix/soft_gripper/softgripper/install/soft_gripper/share/soft_gripper/URDF/meshes
[1.817s] copying URDF/meshes/black_gel_new-v5.stl -> /home/felix/soft_gripper/softgripper/install/soft_gripper/share/soft_gripper/URDF/meshes
[1.817s] copying URDF/meshes/motor_simple-v2.stl -> /home/felix/soft_gripper/softgripper/install/soft_gripper/share/soft_gripper/URDF/meshes
[1.817s] copying URDF/meshes/sensor_base-v53-1.stl -> /home/felix/soft_gripper/softgripper/install/soft_gripper/share/soft_gripper/URDF/meshes
[1.817s] creating /home/felix/soft_gripper/softgripper/install/soft_gripper/share/soft_gripper/launch
[1.817s] copying launch/view_gripper.launch.py -> /home/felix/soft_gripper/softgripper/install/soft_gripper/share/soft_gripper/launch
[1.818s] running install_egg_info
[1.845s] Copying ../../build/soft_gripper/soft_gripper.egg-info to /home/felix/soft_gripper/softgripper/install/soft_gripper/lib/python3.10/site-packages/soft_gripper-0.0.0-py3.10.egg-info
[1.847s] running install_scripts
[2.105s] Installing gripper_node script to /home/felix/soft_gripper/softgripper/install/soft_gripper/lib/soft_gripper
[2.106s] writing list of installed files to '/home/felix/soft_gripper/softgripper/build/soft_gripper/install.log'
[2.151s] Invoked command in '/home/felix/soft_gripper/softgripper/src/soft_gripper' returned '0': PYTHONPATH=/home/felix/soft_gripper/softgripper/build/soft_gripper/prefix_override:/usr/lib/python3/dist-packages/colcon_core/task/python/colcon_distutils_commands:/home/felix/soft_gripper/softgripper/install/soft_gripper/lib/python3.10/site-packages:${PYTHONPATH} /usr/bin/python3 -W ignore:setup.py install is deprecated -W ignore:easy_install command is deprecated setup.py egg_info --egg-base ../../build/soft_gripper build --build-base /home/felix/soft_gripper/softgripper/build/soft_gripper/build install --record /home/felix/soft_gripper/softgripper/build/soft_gripper/install.log --single-version-externally-managed install_data
