[1.025s] Invoking command in '/home/felix/soft_gripper/softgripper/src/soft_gripper': PYTHONPATH=/home/felix/soft_gripper/softgripper/build/soft_gripper/prefix_override:/usr/lib/python3/dist-packages/colcon_core/task/python/colcon_distutils_commands:/home/felix/soft_gripper/softgripper/install/soft_gripper/lib/python3.10/site-packages:${PYTHONPATH} /usr/bin/python3 -W ignore:setup.py install is deprecated -W ignore:easy_install command is deprecated setup.py egg_info --egg-base ../../build/soft_gripper build --build-base /home/felix/soft_gripper/softgripper/build/soft_gripper/build install --record /home/felix/soft_gripper/softgripper/build/soft_gripper/install.log --single-version-externally-managed install_data
[1.311s] running egg_info
[1.326s] writing ../../build/soft_gripper/soft_gripper.egg-info/PKG-INFO
[1.326s] writing dependency_links to ../../build/soft_gripper/soft_gripper.egg-info/dependency_links.txt
[1.326s] writing entry points to ../../build/soft_gripper/soft_gripper.egg-info/entry_points.txt
[1.326s] writing requirements to ../../build/soft_gripper/soft_gripper.egg-info/requires.txt
[1.327s] writing top-level names to ../../build/soft_gripper/soft_gripper.egg-info/top_level.txt
[1.363s] reading manifest file '../../build/soft_gripper/soft_gripper.egg-info/SOURCES.txt'
[1.365s] writing manifest file '../../build/soft_gripper/soft_gripper.egg-info/SOURCES.txt'
[1.365s] running build
[1.365s] running build_py
[1.365s] copying ./soft_gripper/gripper_controller.py -> /home/felix/soft_gripper/softgripper/build/soft_gripper/build/lib/soft_gripper
[1.367s] running install
[1.373s] running install_lib
[1.390s] copying /home/felix/soft_gripper/softgripper/build/soft_gripper/build/lib/soft_gripper/gripper_controller.py -> /home/felix/soft_gripper/softgripper/install/soft_gripper/lib/python3.10/site-packages/soft_gripper
[1.390s] byte-compiling /home/felix/soft_gripper/softgripper/install/soft_gripper/lib/python3.10/site-packages/soft_gripper/gripper_controller.py to gripper_controller.cpython-310.pyc
[1.393s] running install_data
[1.394s] running install_egg_info
[1.411s] removing '/home/felix/soft_gripper/softgripper/install/soft_gripper/lib/python3.10/site-packages/soft_gripper-0.0.0-py3.10.egg-info' (and everything under it)
[1.411s] Copying ../../build/soft_gripper/soft_gripper.egg-info to /home/felix/soft_gripper/softgripper/install/soft_gripper/lib/python3.10/site-packages/soft_gripper-0.0.0-py3.10.egg-info
[1.412s] running install_scripts
[1.601s] Installing gripper_node script to /home/felix/soft_gripper/softgripper/install/soft_gripper/lib/soft_gripper
[1.602s] writing list of installed files to '/home/felix/soft_gripper/softgripper/build/soft_gripper/install.log'
[1.638s] Invoked command in '/home/felix/soft_gripper/softgripper/src/soft_gripper' returned '0': PYTHONPATH=/home/felix/soft_gripper/softgripper/build/soft_gripper/prefix_override:/usr/lib/python3/dist-packages/colcon_core/task/python/colcon_distutils_commands:/home/felix/soft_gripper/softgripper/install/soft_gripper/lib/python3.10/site-packages:${PYTHONPATH} /usr/bin/python3 -W ignore:setup.py install is deprecated -W ignore:easy_install command is deprecated setup.py egg_info --egg-base ../../build/soft_gripper build --build-base /home/felix/soft_gripper/softgripper/build/soft_gripper/build install --record /home/felix/soft_gripper/softgripper/build/soft_gripper/install.log --single-version-externally-managed install_data
