running egg_info
writing ../../build/soft_gripper/soft_gripper.egg-info/PKG-INFO
writing dependency_links to ../../build/soft_gripper/soft_gripper.egg-info/dependency_links.txt
writing entry points to ../../build/soft_gripper/soft_gripper.egg-info/entry_points.txt
writing requirements to ../../build/soft_gripper/soft_gripper.egg-info/requires.txt
writing top-level names to ../../build/soft_gripper/soft_gripper.egg-info/top_level.txt
reading manifest file '../../build/soft_gripper/soft_gripper.egg-info/SOURCES.txt'
writing manifest file '../../build/soft_gripper/soft_gripper.egg-info/SOURCES.txt'
running build
running build_py
copying ./soft_gripper/gripper_ros2_node.py -> /home/felix/soft_gripper/softgripper/build/soft_gripper/build/lib/soft_gripper
running install
running install_lib
copying /home/felix/soft_gripper/softgripper/build/soft_gripper/build/lib/soft_gripper/gripper_ros2_node.py -> /home/felix/soft_gripper/softgripper/install/soft_gripper/lib/python3.10/site-packages/soft_gripper
byte-compiling /home/felix/soft_gripper/softgripper/install/soft_gripper/lib/python3.10/site-packages/soft_gripper/gripper_ros2_node.py to gripper_ros2_node.cpython-310.pyc
running install_data
copying config/gripper_config.yaml -> /home/felix/soft_gripper/softgripper/install/soft_gripper/share/soft_gripper/config
copying launch/view_gripper.launch.py -> /home/felix/soft_gripper/softgripper/install/soft_gripper/share/soft_gripper/launch
running install_egg_info
removing '/home/felix/soft_gripper/softgripper/install/soft_gripper/lib/python3.10/site-packages/soft_gripper-0.0.0-py3.10.egg-info' (and everything under it)
Copying ../../build/soft_gripper/soft_gripper.egg-info to /home/felix/soft_gripper/softgripper/install/soft_gripper/lib/python3.10/site-packages/soft_gripper-0.0.0-py3.10.egg-info
running install_scripts
Installing gripper_node script to /home/felix/soft_gripper/softgripper/install/soft_gripper/lib/soft_gripper
writing list of installed files to '/home/felix/soft_gripper/softgripper/build/soft_gripper/install.log'
