[1.196s] Invoking command in '/home/felix/soft_gripper/softgripper/src/soft_gripper': PYTHONPATH=/home/felix/soft_gripper/softgripper/build/soft_gripper/prefix_override:/usr/lib/python3/dist-packages/colcon_core/task/python/colcon_distutils_commands:/home/felix/soft_gripper/softgripper/install/soft_gripper/lib/python3.10/site-packages:${PYTHONPATH} /usr/bin/python3 -W ignore:setup.py install is deprecated -W ignore:easy_install command is deprecated setup.py egg_info --egg-base ../../build/soft_gripper build --build-base /home/felix/soft_gripper/softgripper/build/soft_gripper/build install --record /home/felix/soft_gripper/softgripper/build/soft_gripper/install.log --single-version-externally-managed install_data
[1.507s] running egg_info
[1.523s] writing ../../build/soft_gripper/soft_gripper.egg-info/PKG-INFO
[1.524s] writing dependency_links to ../../build/soft_gripper/soft_gripper.egg-info/dependency_links.txt
[1.524s] writing entry points to ../../build/soft_gripper/soft_gripper.egg-info/entry_points.txt
[1.525s] writing requirements to ../../build/soft_gripper/soft_gripper.egg-info/requires.txt
[1.525s] writing top-level names to ../../build/soft_gripper/soft_gripper.egg-info/top_level.txt
[1.565s] reading manifest file '../../build/soft_gripper/soft_gripper.egg-info/SOURCES.txt'
[1.567s] writing manifest file '../../build/soft_gripper/soft_gripper.egg-info/SOURCES.txt'
[1.567s] running build
[1.567s] running build_py
[1.568s] copying ./soft_gripper/gripper_ros2_node.py -> /home/felix/soft_gripper/softgripper/build/soft_gripper/build/lib/soft_gripper
[1.569s] running install
[1.577s] running install_lib
[1.595s] copying /home/felix/soft_gripper/softgripper/build/soft_gripper/build/lib/soft_gripper/gripper_ros2_node.py -> /home/felix/soft_gripper/softgripper/install/soft_gripper/lib/python3.10/site-packages/soft_gripper
[1.596s] byte-compiling /home/felix/soft_gripper/softgripper/install/soft_gripper/lib/python3.10/site-packages/soft_gripper/gripper_ros2_node.py to gripper_ros2_node.cpython-310.pyc
[1.598s] running install_data
[1.599s] copying config/gripper_config.yaml -> /home/felix/soft_gripper/softgripper/install/soft_gripper/share/soft_gripper/config
[1.600s] copying launch/view_gripper.launch.py -> /home/felix/soft_gripper/softgripper/install/soft_gripper/share/soft_gripper/launch
[1.600s] running install_egg_info
[1.623s] removing '/home/felix/soft_gripper/softgripper/install/soft_gripper/lib/python3.10/site-packages/soft_gripper-0.0.0-py3.10.egg-info' (and everything under it)
[1.623s] Copying ../../build/soft_gripper/soft_gripper.egg-info to /home/felix/soft_gripper/softgripper/install/soft_gripper/lib/python3.10/site-packages/soft_gripper-0.0.0-py3.10.egg-info
[1.624s] running install_scripts
[1.826s] Installing gripper_node script to /home/felix/soft_gripper/softgripper/install/soft_gripper/lib/soft_gripper
[1.827s] writing list of installed files to '/home/felix/soft_gripper/softgripper/build/soft_gripper/install.log'
[1.871s] Invoked command in '/home/felix/soft_gripper/softgripper/src/soft_gripper' returned '0': PYTHONPATH=/home/felix/soft_gripper/softgripper/build/soft_gripper/prefix_override:/usr/lib/python3/dist-packages/colcon_core/task/python/colcon_distutils_commands:/home/felix/soft_gripper/softgripper/install/soft_gripper/lib/python3.10/site-packages:${PYTHONPATH} /usr/bin/python3 -W ignore:setup.py install is deprecated -W ignore:easy_install command is deprecated setup.py egg_info --egg-base ../../build/soft_gripper build --build-base /home/felix/soft_gripper/softgripper/build/soft_gripper/build install --record /home/felix/soft_gripper/softgripper/build/soft_gripper/install.log --single-version-externally-managed install_data
