[1.295s] Invoking command in '/home/felix/soft_gripper/softgripper/src/soft_gripper': PYTHONPATH=/home/felix/soft_gripper/softgripper/build/soft_gripper/prefix_override:/usr/lib/python3/dist-packages/colcon_core/task/python/colcon_distutils_commands:/home/felix/soft_gripper/softgripper/install/soft_gripper/lib/python3.10/site-packages:${PYTHONPATH} /usr/bin/python3 -W ignore:setup.py install is deprecated -W ignore:easy_install command is deprecated setup.py egg_info --egg-base ../../build/soft_gripper build --build-base /home/felix/soft_gripper/softgripper/build/soft_gripper/build install --record /home/felix/soft_gripper/softgripper/build/soft_gripper/install.log --single-version-externally-managed install_data
[1.691s] running egg_info
[1.714s] writing ../../build/soft_gripper/soft_gripper.egg-info/PKG-INFO
[1.714s] writing dependency_links to ../../build/soft_gripper/soft_gripper.egg-info/dependency_links.txt
[1.714s] writing entry points to ../../build/soft_gripper/soft_gripper.egg-info/entry_points.txt
[1.715s] writing requirements to ../../build/soft_gripper/soft_gripper.egg-info/requires.txt
[1.715s] writing top-level names to ../../build/soft_gripper/soft_gripper.egg-info/top_level.txt
[1.764s] reading manifest file '../../build/soft_gripper/soft_gripper.egg-info/SOURCES.txt'
[1.767s] writing manifest file '../../build/soft_gripper/soft_gripper.egg-info/SOURCES.txt'
[1.767s] running build
[1.767s] running build_py
[1.769s] running install
[1.778s] running install_lib
[1.804s] running install_data
[1.804s] copying config/gripper_config.yaml -> /home/felix/soft_gripper/softgripper/install/soft_gripper/share/soft_gripper/config
[1.805s] running install_egg_info
[1.831s] removing '/home/felix/soft_gripper/softgripper/install/soft_gripper/lib/python3.10/site-packages/soft_gripper-0.0.0-py3.10.egg-info' (and everything under it)
[1.832s] Copying ../../build/soft_gripper/soft_gripper.egg-info to /home/felix/soft_gripper/softgripper/install/soft_gripper/lib/python3.10/site-packages/soft_gripper-0.0.0-py3.10.egg-info
[1.833s] running install_scripts
[2.070s] Installing gripper_node script to /home/felix/soft_gripper/softgripper/install/soft_gripper/lib/soft_gripper
[2.071s] writing list of installed files to '/home/felix/soft_gripper/softgripper/build/soft_gripper/install.log'
[2.117s] Invoked command in '/home/felix/soft_gripper/softgripper/src/soft_gripper' returned '0': PYTHONPATH=/home/felix/soft_gripper/softgripper/build/soft_gripper/prefix_override:/usr/lib/python3/dist-packages/colcon_core/task/python/colcon_distutils_commands:/home/felix/soft_gripper/softgripper/install/soft_gripper/lib/python3.10/site-packages:${PYTHONPATH} /usr/bin/python3 -W ignore:setup.py install is deprecated -W ignore:easy_install command is deprecated setup.py egg_info --egg-base ../../build/soft_gripper build --build-base /home/felix/soft_gripper/softgripper/build/soft_gripper/build install --record /home/felix/soft_gripper/softgripper/build/soft_gripper/install.log --single-version-externally-managed install_data
